#
# There is insufficient memory for the Java Runtime Environment to continue.
# Native memory allocation (malloc) failed to allocate 368656 bytes for Chunk::new
# Possible reasons:
#   The system is out of physical RAM or swap space
#   The process is running with CompressedOops enabled, and the Java Heap may be blocking the growth of the native heap
# Possible solutions:
#   Reduce memory load on the system
#   Increase physical memory or swap space
#   Check if swap backing store is full
#   Decrease Java heap size (-Xmx/-Xms)
#   Decrease number of Java threads
#   Decrease Java thread stack sizes (-Xss)
#   Set larger code cache with -XX:ReservedCodeCacheSize=
#   JVM is running with Zero Based Compressed Oops mode in which the Java heap is
#     placed in the first 32GB address space. The Java Heap base address is the
#     maximum limit for the native heap growth. Please use -XX:HeapBaseMinAddress
#     to set the Java Heap base and to place the Java Heap above 32GB virtual address.
# This output file may be truncated or incomplete.
#
#  Out of Memory Error (./src/hotspot/share/memory/arena.cpp:197), pid=18964, tid=19892
#
# JRE version:  (11.0.14.1+1) (build )
# Java VM: OpenJDK 64-Bit Server VM (11.0.14.1+1, mixed mode, tiered, compressed oops, g1 gc, windows-amd64)
# No core dump will be written. Minidumps are not enabled by default on client versions of Windows
#

---------------  S U M M A R Y ------------

Command Line: 

Host: Intel(R) Core(TM) i5-9300H CPU @ 2.40GHz, 8 cores, 15G,  Windows 11 , 64 bit Build 22621 (10.0.22621.2506)
Time: Sat Dec 23 12:08:47 2023 Фінляндія (зима) elapsed time: 0.025579 seconds (0d 0h 0m 0s)

---------------  T H R E A D  ---------------

Current thread (0x0000021f9ab7e000):  JavaThread "Unknown thread" [_thread_in_vm, id=19892, stack(0x0000002d54c00000,0x0000002d54d00000)]

Stack: [0x0000002d54c00000,0x0000002d54d00000]
Native frames: (J=compiled Java code, j=interpreted, Vv=VM code, C=native code)
V  [jvm.dll+0x61e59a]
V  [jvm.dll+0x7aaca9]
V  [jvm.dll+0x7ac398]
V  [jvm.dll+0x7aca73]
V  [jvm.dll+0x24f9b8]
V  [jvm.dll+0xc260c]
V  [jvm.dll+0xc2323]
V  [jvm.dll+0x73987c]
V  [jvm.dll+0x7864e9]
V  [jvm.dll+0x35f479]
V  [jvm.dll+0x767aa0]
V  [jvm.dll+0x3ccf1f]
V  [jvm.dll+0x3cf2b1]
C  [jli.dll+0x5207]
C  [ucrtbase.dll+0x29363]
C  [KERNEL32.DLL+0x1257d]
C  [ntdll.dll+0x5aa58]


---------------  P R O C E S S  ---------------

Threads class SMR info:
_java_thread_list=0x0000021f98931360, length=0, elements={
}

Java Threads: ( => current thread )

Other Threads:
  0x0000021f98a1b000 GCTaskThread "GC Thread#0" [stack: 0x0000002d54d00000,0x0000002d54e00000] [id=10092]
  0x0000021f9abef000 ConcurrentGCThread "G1 Main Marker" [stack: 0x0000002d54e00000,0x0000002d54f00000] [id=7416]
  0x0000021f9abf0800 ConcurrentGCThread "G1 Conc#0" [stack: 0x0000002d54f00000,0x0000002d55000000] [id=19656]
  0x0000021fbe830800 ConcurrentGCThread "G1 Refine#0" [stack: 0x0000000000000000,0x0000000000000000]
  0x0000021fbe3e4000 ConcurrentGCThread "G1 Young RemSet Sampling" [stack: 0x0000002d55000000,0x0000002d55100000] [id=20256]

=>0x0000021f9ab7e000 (exited) JavaThread "Unknown thread" [_thread_in_vm, id=19892, stack(0x0000002d54c00000,0x0000002d54d00000)]

Threads with active compile tasks:

VM state:not at safepoint (not fully initialized)

VM Mutex/Monitor currently owned by a thread: None

Heap address: 0x0000000702800000, size: 4056 MB, Compressed Oops mode: Zero based, Oop shift amount: 3
Narrow klass base: 0x0000000800000000, Narrow klass shift: 0
Compressed class space size: 1073741824 Address: 0x0000000800000000

GC Heap History (0 events):
No events

Deoptimization events (0 events):
No events

Classes redefined (0 events):
No events

Internal exceptions (0 events):
No events

Events (1 events):
Event: 0.010 Loaded shared library D:\Work\Unity Editors\2022.3.5f1\Editor\Data\PlaybackEngines\AndroidPlayer\OpenJDK\bin\zip.dll


Dynamic libraries:
0x00007ff6d4a90000 - 0x00007ff6d4a9d000 	D:\Work\Unity Editors\2022.3.5f1\Editor\Data\PlaybackEngines\AndroidPlayer\OpenJDK\bin\java.exe
0x00007ffdae410000 - 0x00007ffdae627000 	C:\Windows\SYSTEM32\ntdll.dll
0x00007ffdad080000 - 0x00007ffdad144000 	C:\Windows\System32\KERNEL32.DLL
0x00007ffdabab0000 - 0x00007ffdabe56000 	C:\Windows\System32\KERNELBASE.dll
0x00007ffdab800000 - 0x00007ffdab911000 	C:\Windows\System32\ucrtbase.dll
0x00007ffda60f0000 - 0x00007ffda6105000 	D:\Work\Unity Editors\2022.3.5f1\Editor\Data\PlaybackEngines\AndroidPlayer\OpenJDK\bin\VCRUNTIME140.dll
0x00007ffda60d0000 - 0x00007ffda60e7000 	D:\Work\Unity Editors\2022.3.5f1\Editor\Data\PlaybackEngines\AndroidPlayer\OpenJDK\bin\jli.dll
0x00007ffdad150000 - 0x00007ffdad2fe000 	C:\Windows\System32\USER32.dll
0x00007ffdac130000 - 0x00007ffdac156000 	C:\Windows\System32\win32u.dll
0x00007ffd8eda0000 - 0x00007ffd8f033000 	C:\Windows\WinSxS\amd64_microsoft.windows.common-controls_6595b64144ccf1df_6.0.22621.2506_none_270c5ae97388e100\COMCTL32.dll
0x00007ffdac390000 - 0x00007ffdac3b9000 	C:\Windows\System32\GDI32.dll
0x00007ffdad690000 - 0x00007ffdad737000 	C:\Windows\System32\msvcrt.dll
0x00007ffdab920000 - 0x00007ffdaba38000 	C:\Windows\System32\gdi32full.dll
0x00007ffdabe60000 - 0x00007ffdabefa000 	C:\Windows\System32\msvcp_win.dll
0x00007ffdac570000 - 0x00007ffdac5a1000 	C:\Windows\System32\IMM32.DLL
0x00007ffd85d50000 - 0x00007ffd85deb000 	D:\Work\Unity Editors\2022.3.5f1\Editor\Data\PlaybackEngines\AndroidPlayer\OpenJDK\bin\msvcp140.dll
0x00007ffd0a440000 - 0x00007ffd0afc1000 	D:\Work\Unity Editors\2022.3.5f1\Editor\Data\PlaybackEngines\AndroidPlayer\OpenJDK\bin\server\jvm.dll
0x00007ffdae030000 - 0x00007ffdae0e1000 	C:\Windows\System32\ADVAPI32.dll
0x00007ffdacf20000 - 0x00007ffdacfc5000 	C:\Windows\System32\sechost.dll
0x00007ffdac7c0000 - 0x00007ffdac8d7000 	C:\Windows\System32\RPCRT4.dll
0x00007ffdac1b0000 - 0x00007ffdac1b8000 	C:\Windows\System32\PSAPI.DLL
0x00007ffda6eb0000 - 0x00007ffda6eb9000 	C:\Windows\SYSTEM32\WSOCK32.dll
0x00007ffda4d50000 - 0x00007ffda4d84000 	C:\Windows\SYSTEM32\WINMM.dll
0x00007ffda5460000 - 0x00007ffda546a000 	C:\Windows\SYSTEM32\VERSION.dll
0x00007ffdac5d0000 - 0x00007ffdac641000 	C:\Windows\System32\WS2_32.dll
0x00007ffdaa780000 - 0x00007ffdaa798000 	C:\Windows\SYSTEM32\kernel.appcore.dll
0x00007ffda6e30000 - 0x00007ffda6e40000 	D:\Work\Unity Editors\2022.3.5f1\Editor\Data\PlaybackEngines\AndroidPlayer\OpenJDK\bin\verify.dll
0x00007ffda1650000 - 0x00007ffda1883000 	C:\Windows\SYSTEM32\DBGHELP.DLL
0x00007ffdad300000 - 0x00007ffdad689000 	C:\Windows\System32\combase.dll
0x00007ffdae0f0000 - 0x00007ffdae1c7000 	C:\Windows\System32\OLEAUT32.dll
0x00007ffd7da70000 - 0x00007ffd7daa2000 	C:\Windows\SYSTEM32\dbgcore.DLL
0x00007ffdab780000 - 0x00007ffdab7fa000 	C:\Windows\System32\bcryptPrimitives.dll
0x00007ffd8fdd0000 - 0x00007ffd8fdf8000 	D:\Work\Unity Editors\2022.3.5f1\Editor\Data\PlaybackEngines\AndroidPlayer\OpenJDK\bin\java.dll
0x00007ffda6d20000 - 0x00007ffda6d2a000 	D:\Work\Unity Editors\2022.3.5f1\Editor\Data\PlaybackEngines\AndroidPlayer\OpenJDK\bin\jimage.dll
0x00007ffd8e850000 - 0x00007ffd8e868000 	D:\Work\Unity Editors\2022.3.5f1\Editor\Data\PlaybackEngines\AndroidPlayer\OpenJDK\bin\zip.dll

dbghelp: loaded successfully - version: 4.0.5 - missing functions: none
symbol engine: initialized successfully - sym options: 0x614 - pdb path: .;D:\Work\Unity Editors\2022.3.5f1\Editor\Data\PlaybackEngines\AndroidPlayer\OpenJDK\bin;C:\Windows\SYSTEM32;C:\Windows\WinSxS\amd64_microsoft.windows.common-controls_6595b64144ccf1df_6.0.22621.2506_none_270c5ae97388e100;D:\Work\Unity Editors\2022.3.5f1\Editor\Data\PlaybackEngines\AndroidPlayer\OpenJDK\bin\server

VM Arguments:
java_command: <unknown>
java_class_path (initial): <not set>
Launcher Type: SUN_STANDARD

[Global flags]
     intx CICompilerCount                          = 4                                         {product} {ergonomic}
     uint ConcGCThreads                            = 2                                         {product} {ergonomic}
     uint G1ConcRefinementThreads                  = 8                                         {product} {ergonomic}
   size_t G1HeapRegionSize                         = 1048576                                   {product} {ergonomic}
    uintx GCDrainStackTargetSize                   = 64                                        {product} {ergonomic}
   size_t InitialHeapSize                          = 266338304                                 {product} {ergonomic}
   size_t MarkStackSize                            = 4194304                                   {product} {ergonomic}
   size_t MaxHeapSize                              = 4253024256                                {product} {ergonomic}
   size_t MaxNewSize                               = 2551185408                                {product} {ergonomic}
   size_t MinHeapDeltaBytes                        = 1048576                                   {product} {ergonomic}
    uintx NonNMethodCodeHeapSize                   = 5836300                                {pd product} {ergonomic}
    uintx NonProfiledCodeHeapSize                  = 122910970                              {pd product} {ergonomic}
    uintx ProfiledCodeHeapSize                     = 122910970                              {pd product} {ergonomic}
    uintx ReservedCodeCacheSize                    = 251658240                              {pd product} {ergonomic}
     bool SegmentedCodeCache                       = true                                      {product} {ergonomic}
     bool UseCompressedClassPointers               = true                                 {lp64_product} {ergonomic}
     bool UseCompressedOops                        = true                                 {lp64_product} {ergonomic}
     bool UseG1GC                                  = true                                      {product} {ergonomic}
     bool UseLargePagesIndividualAllocation        = false                                  {pd product} {ergonomic}

Logging:
Log output configuration:
 #0: stdout all=warning uptime,level,tags
 #1: stderr all=off uptime,level,tags

Environment Variables:
JAVA_HOME=D:/Work/Unity Editors/2022.3.5f1/Editor/Data/PlaybackEngines/AndroidPlayer\OpenJDK
PATH=E:\Study\Віртулка\VmWare\bin\;D:\Oculus\Support\oculus-runtime;C:\Program Files (x86)\Common Files\Oracle\Java\javapath;C:\Windows\system32;C:\Windows;C:\Windows\System32\Wbem;C:\Windows\System32\WindowsPowerShell\v1.0\;C:\Windows\System32\OpenSSH\;C:\Program Files (x86)\NVIDIA Corporation\PhysX\Common;D:\Work\Git\cmd;D:\Study\Архітектура спеціалізованих комп'ютерних систем\;C:\Program Files (x86)\ZeroTier\One\;C:\Users\artab\AppData\Local\Microsoft\WindowsApps;C:\Users\artab\AppData\Local\GitHubDesktop\bin;E:\Study\Nmap
USERNAME=artab
OS=Windows_NT
PROCESSOR_IDENTIFIER=Intel64 Family 6 Model 158 Stepping 10, GenuineIntel



---------------  S Y S T E M  ---------------

OS: Windows 11 , 64 bit Build 22621 (10.0.22621.2506)
OS uptime: 0 days 22:07 hours

CPU:total 8 (initial active 8) (4 cores per cpu, 2 threads per core) family 6 model 158 stepping 10 microcode 0xde, cmov, cx8, fxsr, mmx, sse, sse2, sse3, ssse3, sse4.1, sse4.2, popcnt, avx, avx2, aes, clmul, erms, 3dnowpref, lzcnt, ht, tsc, tscinvbit, bmi1, bmi2, adx, fma

Memory: 4k page, system-wide physical 16221M (1093M free)
TotalPageFile size 32386M (AvailPageFile size 0M)
current process WorkingSet (physical memory assigned to process): 22M, peak: 22M
current process commit charge ("private bytes"): 326M, peak: 326M

vm_info: OpenJDK 64-Bit Server VM (11.0.14.1+1) for windows-amd64 JRE (11.0.14.1+1), built on Feb  9 2022 01:48:27 by "" with unknown MS VC++:1916

END.
