#
# There is insufficient memory for the Java Runtime Environment to continue.
# Native memory allocation (mmap) failed to map 266338304 bytes for Failed to commit area from 0x0000000702800000 to 0x0000000712600000 of length 266338304.
# Possible reasons:
#   The system is out of physical RAM or swap space
#   The process is running with CompressedOops enabled, and the Java Heap may be blocking the growth of the native heap
# Possible solutions:
#   Reduce memory load on the system
#   Increase physical memory or swap space
#   Check if swap backing store is full
#   Decrease Java heap size (-Xmx/-Xms)
#   Decrease number of Java threads
#   Decrease Java thread stack sizes (-Xss)
#   Set larger code cache with -XX:ReservedCodeCacheSize=
# This output file may be truncated or incomplete.
#
#  Out of Memory Error (./src/hotspot/os/windows/os_windows.cpp:3387), pid=22464, tid=1072
#
# JRE version:  (11.0.14.1+1) (build )
# Java VM: OpenJDK 64-Bit Server VM (11.0.14.1+1, mixed mode, sharing, tiered, compressed oops, g1 gc, windows-amd64)
# No core dump will be written. Minidumps are not enabled by default on client versions of Windows
#

---------------  S U M M A R Y ------------

Command Line: 

Host: Intel(R) Core(TM) i5-9300H CPU @ 2.40GHz, 8 cores, 15G,  Windows 11 , 64 bit Build 22621 (10.0.22621.2506)
Time: Sat Dec 23 12:20:12 2023 Фінляндія (зима) elapsed time: 0.012982 seconds (0d 0h 0m 0s)

---------------  T H R E A D  ---------------

Current thread (0x0000022eec28e800):  JavaThread "Unknown thread" [_thread_in_vm, id=1072, stack(0x000000f024200000,0x000000f024300000)]

Stack: [0x000000f024200000,0x000000f024300000]
Native frames: (J=compiled Java code, j=interpreted, Vv=VM code, C=native code)
V  [jvm.dll+0x61e59a]
V  [jvm.dll+0x7aaca9]
V  [jvm.dll+0x7ac398]
V  [jvm.dll+0x7aca73]
V  [jvm.dll+0x24f9b8]
V  [jvm.dll+0x61b83a]
V  [jvm.dll+0x6100c5]
V  [jvm.dll+0x30772c]
V  [jvm.dll+0x3075b2]
V  [jvm.dll+0x30c2d6]
V  [jvm.dll+0x35272f]
V  [jvm.dll+0x352160]
V  [jvm.dll+0x2e4728]
V  [jvm.dll+0x2e5886]
V  [jvm.dll+0x784b07]
V  [jvm.dll+0x78628f]
V  [jvm.dll+0x35f479]
V  [jvm.dll+0x767aa0]
V  [jvm.dll+0x3ccf1f]
V  [jvm.dll+0x3cf2b1]
C  [jli.dll+0x5207]
C  [ucrtbase.dll+0x29363]
C  [KERNEL32.DLL+0x1257d]
C  [ntdll.dll+0x5aa58]


---------------  P R O C E S S  ---------------

Threads class SMR info:
_java_thread_list=0x0000022eec1a1700, length=0, elements={
}

Java Threads: ( => current thread )

Other Threads:
  0x0000022eee350000 GCTaskThread "GC Thread#0" [stack: 0x000000f024300000,0x000000f024400000] [id=10680]
  0x0000022eee3b0800 ConcurrentGCThread "G1 Main Marker" [stack: 0x000000f024400000,0x000000f024500000] [id=20736]
  0x0000022eee3b1800 ConcurrentGCThread "G1 Conc#0" [stack: 0x000000f024500000,0x000000f024600000] [id=2188]

[error occurred during error reporting (printing all threads), id 0xc0000005, EXCEPTION_ACCESS_VIOLATION (0xc0000005) at pc=0x00007ffd0a2b3ef7]

VM state:not at safepoint (not fully initialized)

VM Mutex/Monitor currently owned by a thread:  ([mutex/lock_event])
[0x0000022eee3372a0] Heap_lock - owner thread: 0x0000022eec28e800

Heap address: 0x0000000702800000, size: 4056 MB, Compressed Oops mode: Non-zero based: 0x0000000702800000
Narrow klass base: 0x0000000000000000, Narrow klass shift: 0

GC Heap History (0 events):
No events

Deoptimization events (0 events):
No events

Classes redefined (0 events):
No events

Internal exceptions (0 events):
No events

Events (1 events):
Event: 0.009 Loaded shared library D:\Work\Unity Editors\2022.3.5f1\Editor\Data\PlaybackEngines\AndroidPlayer\OpenJDK\bin\zip.dll


Dynamic libraries:
0x00007ff6d4a90000 - 0x00007ff6d4a9d000 	D:\Work\Unity Editors\2022.3.5f1\Editor\Data\PlaybackEngines\AndroidPlayer\OpenJDK\bin\java.exe
0x00007ffdae410000 - 0x00007ffdae627000 	C:\Windows\SYSTEM32\ntdll.dll
0x00007ffdad080000 - 0x00007ffdad144000 	C:\Windows\System32\KERNEL32.DLL
0x00007ffdabab0000 - 0x00007ffdabe56000 	C:\Windows\System32\KERNELBASE.dll
0x00007ffdab800000 - 0x00007ffdab911000 	C:\Windows\System32\ucrtbase.dll
0x00007ffda6e30000 - 0x00007ffda6e45000 	D:\Work\Unity Editors\2022.3.5f1\Editor\Data\PlaybackEngines\AndroidPlayer\OpenJDK\bin\VCRUNTIME140.dll
0x00007ffda6df0000 - 0x00007ffda6e07000 	D:\Work\Unity Editors\2022.3.5f1\Editor\Data\PlaybackEngines\AndroidPlayer\OpenJDK\bin\jli.dll
0x00007ffdad150000 - 0x00007ffdad2fe000 	C:\Windows\System32\USER32.dll
0x00007ffdac130000 - 0x00007ffdac156000 	C:\Windows\System32\win32u.dll
0x00007ffd8eda0000 - 0x00007ffd8f033000 	C:\Windows\WinSxS\amd64_microsoft.windows.common-controls_6595b64144ccf1df_6.0.22621.2506_none_270c5ae97388e100\COMCTL32.dll
0x00007ffdac390000 - 0x00007ffdac3b9000 	C:\Windows\System32\GDI32.dll
0x00007ffdad690000 - 0x00007ffdad737000 	C:\Windows\System32\msvcrt.dll
0x00007ffdab920000 - 0x00007ffdaba38000 	C:\Windows\System32\gdi32full.dll
0x00007ffdabe60000 - 0x00007ffdabefa000 	C:\Windows\System32\msvcp_win.dll
0x00007ffdac570000 - 0x00007ffdac5a1000 	C:\Windows\System32\IMM32.DLL
0x00007ffd8d570000 - 0x00007ffd8d60b000 	D:\Work\Unity Editors\2022.3.5f1\Editor\Data\PlaybackEngines\AndroidPlayer\OpenJDK\bin\msvcp140.dll
0x00007ffd09fc0000 - 0x00007ffd0ab41000 	D:\Work\Unity Editors\2022.3.5f1\Editor\Data\PlaybackEngines\AndroidPlayer\OpenJDK\bin\server\jvm.dll
0x00007ffdae030000 - 0x00007ffdae0e1000 	C:\Windows\System32\ADVAPI32.dll
0x00007ffdacf20000 - 0x00007ffdacfc5000 	C:\Windows\System32\sechost.dll
0x00007ffdac7c0000 - 0x00007ffdac8d7000 	C:\Windows\System32\RPCRT4.dll
0x00007ffdac1b0000 - 0x00007ffdac1b8000 	C:\Windows\System32\PSAPI.DLL
0x00007ffda6eb0000 - 0x00007ffda6eb9000 	C:\Windows\SYSTEM32\WSOCK32.dll
0x00007ffda4d50000 - 0x00007ffda4d84000 	C:\Windows\SYSTEM32\WINMM.dll
0x00007ffda5460000 - 0x00007ffda546a000 	C:\Windows\SYSTEM32\VERSION.dll
0x00007ffdac5d0000 - 0x00007ffdac641000 	C:\Windows\System32\WS2_32.dll
0x00007ffdaa780000 - 0x00007ffdaa798000 	C:\Windows\SYSTEM32\kernel.appcore.dll
0x00007ffda6de0000 - 0x00007ffda6df0000 	D:\Work\Unity Editors\2022.3.5f1\Editor\Data\PlaybackEngines\AndroidPlayer\OpenJDK\bin\verify.dll
0x00007ffda1650000 - 0x00007ffda1883000 	C:\Windows\SYSTEM32\DBGHELP.DLL
0x00007ffdad300000 - 0x00007ffdad689000 	C:\Windows\System32\combase.dll
0x00007ffdae0f0000 - 0x00007ffdae1c7000 	C:\Windows\System32\OLEAUT32.dll
0x00007ffd7da70000 - 0x00007ffd7daa2000 	C:\Windows\SYSTEM32\dbgcore.DLL
0x00007ffdab780000 - 0x00007ffdab7fa000 	C:\Windows\System32\bcryptPrimitives.dll
0x00007ffda6d20000 - 0x00007ffda6d48000 	D:\Work\Unity Editors\2022.3.5f1\Editor\Data\PlaybackEngines\AndroidPlayer\OpenJDK\bin\java.dll
0x00007ffda6cd0000 - 0x00007ffda6cda000 	D:\Work\Unity Editors\2022.3.5f1\Editor\Data\PlaybackEngines\AndroidPlayer\OpenJDK\bin\jimage.dll
0x00007ffda60f0000 - 0x00007ffda6108000 	D:\Work\Unity Editors\2022.3.5f1\Editor\Data\PlaybackEngines\AndroidPlayer\OpenJDK\bin\zip.dll

dbghelp: loaded successfully - version: 4.0.5 - missing functions: none
symbol engine: initialized successfully - sym options: 0x614 - pdb path: .;D:\Work\Unity Editors\2022.3.5f1\Editor\Data\PlaybackEngines\AndroidPlayer\OpenJDK\bin;C:\Windows\SYSTEM32;C:\Windows\WinSxS\amd64_microsoft.windows.common-controls_6595b64144ccf1df_6.0.22621.2506_none_270c5ae97388e100;D:\Work\Unity Editors\2022.3.5f1\Editor\Data\PlaybackEngines\AndroidPlayer\OpenJDK\bin\server

VM Arguments:
java_command: <unknown>
java_class_path (initial): <not set>
Launcher Type: SUN_STANDARD

[Global flags]
     intx CICompilerCount                          = 4                                         {product} {ergonomic}
     uint ConcGCThreads                            = 2                                         {product} {ergonomic}
     uint G1ConcRefinementThreads                  = 8                                         {product} {ergonomic}
   size_t G1HeapRegionSize                         = 1048576                                   {product} {ergonomic}
    uintx GCDrainStackTargetSize                   = 64                                        {product} {ergonomic}
   size_t InitialHeapSize                          = 266338304                                 {product} {ergonomic}
   size_t MarkStackSize                            = 4194304                                   {product} {ergonomic}
   size_t MaxHeapSize                              = 4253024256                                {product} {ergonomic}
   size_t MinHeapDeltaBytes                        = 1048576                                   {product} {ergonomic}
    uintx NonNMethodCodeHeapSize                   = 5836300                                {pd product} {ergonomic}
    uintx NonProfiledCodeHeapSize                  = 122910970                              {pd product} {ergonomic}
    uintx ProfiledCodeHeapSize                     = 122910970                              {pd product} {ergonomic}
    uintx ReservedCodeCacheSize                    = 251658240                              {pd product} {ergonomic}
     bool SegmentedCodeCache                       = true                                      {product} {ergonomic}
     bool UseCompressedClassPointers               = true                                 {lp64_product} {ergonomic}
     bool UseCompressedOops                        = true                                 {lp64_product} {ergonomic}
     bool UseG1GC                                  = true                                      {product} {ergonomic}
     bool UseLargePagesIndividualAllocation        = false                                  {pd product} {ergonomic}

Logging:
Log output configuration:
 #0: stdout all=warning uptime,level,tags
 #1: stderr all=off uptime,level,tags

Environment Variables:
JAVA_HOME=D:/Work/Unity Editors/2022.3.5f1/Editor/Data/PlaybackEngines/AndroidPlayer\OpenJDK
PATH=E:\Study\Віртулка\VmWare\bin\;D:\Oculus\Support\oculus-runtime;C:\Program Files (x86)\Common Files\Oracle\Java\javapath;C:\Windows\system32;C:\Windows;C:\Windows\System32\Wbem;C:\Windows\System32\WindowsPowerShell\v1.0\;C:\Windows\System32\OpenSSH\;C:\Program Files (x86)\NVIDIA Corporation\PhysX\Common;D:\Work\Git\cmd;D:\Study\Архітектура спеціалізованих комп'ютерних систем\;C:\Program Files (x86)\ZeroTier\One\;C:\Users\artab\AppData\Local\Microsoft\WindowsApps;C:\Users\artab\AppData\Local\GitHubDesktop\bin;E:\Study\Nmap
USERNAME=artab
OS=Windows_NT
PROCESSOR_IDENTIFIER=Intel64 Family 6 Model 158 Stepping 10, GenuineIntel



---------------  S Y S T E M  ---------------

OS: Windows 11 , 64 bit Build 22621 (10.0.22621.2506)
OS uptime: 0 days 22:19 hours

CPU:total 8 (initial active 8) (4 cores per cpu, 2 threads per core) family 6 model 158 stepping 10 microcode 0xde, cmov, cx8, fxsr, mmx, sse, sse2, sse3, ssse3, sse4.1, sse4.2, popcnt, avx, avx2, aes, clmul, erms, 3dnowpref, lzcnt, ht, tsc, tscinvbit, bmi1, bmi2, adx, fma

Memory: 4k page, system-wide physical 16221M (1732M free)
TotalPageFile size 32386M (AvailPageFile size 203M)
current process WorkingSet (physical memory assigned to process): 11M, peak: 11M
current process commit charge ("private bytes"): 61M, peak: 315M

vm_info: OpenJDK 64-Bit Server VM (11.0.14.1+1) for windows-amd64 JRE (11.0.14.1+1), built on Feb  9 2022 01:48:27 by "" with unknown MS VC++:1916

END.
